<?xml version="1.0" encoding="UTF-8"?>
<!-- Generated by org.testng.reporters.JUnitReportReporter -->
<testsuite hostname="DESKTOP-9TVFF7R" failures="0" tests="1" name="script.ValidLogin" time="13.899" errors="0" timestamp="2023-11-07T13:11:39 IST" skipped="0">
  <testcase classname="script.ValidLogin" name="testValidLogin" time="13.899"/>
  <system-out>
    <![CDATA[Execute in Grid:no
Browser is:chrome
Set ITO:7
Enter the URL:https://opensource-demo.orangehrmlive.com/
Maximize the browser
Set ETO:6
Close the browser]]>
  </system-out>
</testsuite> <!-- script.ValidLogin -->
