<?xml version="1.0" encoding="UTF-8"?>
<!-- Generated by org.testng.reporters.JUnitReportReporter -->
<testsuite hostname="DESKTOP-9TVFF7R" failures="0" tests="1" name="script.DemoTest" time="4.720" errors="0" timestamp="2023-11-07T10:52:55 IST" skipped="0">
  <testcase classname="script.DemoTest" name="testDemo" time="4.720">
    <system-out>
      <![CDATA[Rowcount:1
Data:Akshara
test demo...
Cellcount:1
newData:sunday]]>
    </system-out>
  </testcase> <!-- testDemo -->
  <system-out>
    <![CDATA[Execute in Grid:no
Browser is:chrome
Set ITO:7
Enter the URL:http://www.google.com
Maximize the browser
Set ETO:6
Rowcount:1
Data:Akshara
test demo...
Cellcount:1
newData:sunday
Close the browser]]>
  </system-out>
</testsuite> <!-- script.DemoTest -->
