<?xml version="1.0" encoding="UTF-8"?>
<!-- Generated by org.testng.reporters.JUnitReportReporter -->
<testsuite hostname="DESKTOP-9TVFF7R" failures="0" tests="1" name="script.DemoTest" time="15.483" errors="0" timestamp="2023-11-08T11:16:47 IST" skipped="0">
  <testcase classname="script.DemoTest" name="testDemo" time="15.483">
    <system-out>
      <![CDATA[Rowcount:1
Data:username
test demo...
Cellcount:2
newData:sunday]]>
    </system-out>
  </testcase> <!-- testDemo -->
  <system-out>
    <![CDATA[Execute in Grid:no
Browser is:edge
Set ITO:10
Enter the URL:https://opensource-demo.orangehrmlive.com/
Maximize the browser
Set ETO:9
Rowcount:1
Data:username
test demo...
Cellcount:2
newData:sunday
Close the browser]]>
  </system-out>
</testsuite> <!-- script.DemoTest -->
