<?xml version="1.0" encoding="UTF-8"?>
<!-- Generated by org.testng.reporters.JUnitReportReporter -->
<testsuite hostname="DESKTOP-9TVFF7R" failures="0" tests="1" name="script.InvalidLogin" time="17.750" errors="0" timestamp="2023-11-08T12:18:51 IST" skipped="0">
  <testcase classname="script.InvalidLogin" name="testInvalidLogin" time="17.750"/>
  <system-out>
    <![CDATA[Execute in Grid:no
Browser is:chrome
Set ITO:10
Enter the URL:https://opensource-demo.orangehrmlive.com/
Maximize the browser
Set ETO:9
Close the browser
Execute in Grid:no
Browser is:chrome
Set ITO:10
Enter the URL:https://opensource-demo.orangehrmlive.com/
Maximize the browser
Set ETO:9
Close the browser]]>
  </system-out>
</testsuite> <!-- script.InvalidLogin -->
